[M::bwa_idx_load_from_disk] read 0 ALT contigs
[M::process] read 49814 sequences (6919940 bp)...
[M::mem_pestat] # candidate unique pairs for (FF, FR, RF, RR): (0, 0, 0, 0)
[M::mem_pestat] skip orientation FF as there are not enough pairs
[M::mem_pestat] skip orientation FR as there are not enough pairs
[M::mem_pestat] skip orientation RF as there are not enough pairs
[M::mem_pestat] skip orientation RR as there are not enough pairs
[M::mem_process_seqs] Processed 49814 reads in 7.593 CPU sec, 7.646 real sec
[main] Version: 0.7.18-r1243-dirty
[main] CMD: bwa mem /projects/intro2gds/I2GDS2025/TestData_LinuxPeerEval/G5_testdata/03a_Human_ref/hg19.fa /projects/intro2gds/I2GDS2025/G5_MG_AMR/TEST_forPeerReview/02_after_deduper/SRR17048876_R1.fastq.gz /projects/intro2gds/I2GDS2025/G5_MG_AMR/TEST_forPeerReview/02_after_deduper/SRR17048876_R2.fastq.gz
[main] Real time: 12.953 sec; CPU: 10.186 sec
[M::bam2fq_mainloop] discarded 0 singletons
[M::bam2fq_mainloop] processed 49814 reads
[M::bwa_idx_load_from_disk] read 0 ALT contigs
[M::process] read 49736 sequences (6606124 bp)...
[M::mem_pestat] # candidate unique pairs for (FF, FR, RF, RR): (0, 0, 0, 0)
[M::mem_pestat] skip orientation FF as there are not enough pairs
[M::mem_pestat] skip orientation FR as there are not enough pairs
[M::mem_pestat] skip orientation RF as there are not enough pairs
[M::mem_pestat] skip orientation RR as there are not enough pairs
[M::mem_process_seqs] Processed 49736 reads in 6.806 CPU sec, 6.843 real sec
[main] Version: 0.7.18-r1243-dirty
[main] CMD: bwa mem /projects/intro2gds/I2GDS2025/TestData_LinuxPeerEval/G5_testdata/03a_Human_ref/hg19.fa /projects/intro2gds/I2GDS2025/G5_MG_AMR/TEST_forPeerReview/02_after_deduper/SRR17048877_R1.fastq.gz /projects/intro2gds/I2GDS2025/G5_MG_AMR/TEST_forPeerReview/02_after_deduper/SRR17048877_R2.fastq.gz[M::bam2fq_mainloop] discarded 0 singletons
[M::bam2fq_mainloop] processed 49736 reads

[main] Real time: 8.095 sec; CPU: 7.914 sec
[M::bwa_idx_load_from_disk] read 0 ALT contigs
[M::process] read 49800 sequences (6945900 bp)...
[M::mem_pestat] # candidate unique pairs for (FF, FR, RF, RR): (0, 0, 0, 0)
[M::mem_pestat] skip orientation FF as there are not enough pairs
[M::mem_pestat] skip orientation FR as there are not enough pairs
[M::mem_pestat] skip orientation RF as there are not enough pairs
[M::mem_pestat] skip orientation RR as there are not enough pairs
[M::mem_process_seqs] Processed 49800 reads in 7.614 CPU sec, 7.653 real sec
[main] Version: 0.7.18-r1243-dirty
[main] CMD: bwa mem /projects/intro2gds/I2GDS2025/TestData_LinuxPeerEval/G5_testdata/03a_Human_ref/hg19.fa /projects/intro2gds/I2GDS2025/G5_MG_AMR/TEST_forPeerReview/02_after_deduper/SRR17048878_R1.fastq.gz /projects/intro2gds/I2GDS2025/G5_MG_AMR/TEST_forPeerReview/02_after_deduper/SRR17048878_R2.fastq.gz
[main] Real time: 8.952 sec; CPU: 8.754 sec
[M::bam2fq_mainloop] discarded 0 singletons
[M::bam2fq_mainloop] processed 49800 reads
